<?xml version="1.0" encoding="UTF-8"?>
<!-- Generated by org.testng.reporters.JUnitReportReporter -->
<testsuite hostname="LAPTOP-8UAK4O0H" failures="0" tests="2" name="testing.Testing2" time="0.013" errors="0" timestamp="29 Jan. 2022 17:52:06 GMT" skipped="0">
  <testcase classname="testing.Testing2" name="test4" time="0.012"/>
  <testcase classname="testing.Testing2" name="test5" time="0.001"/>
</testsuite> <!-- testing.Testing2 -->
