<?xml version="1.0" encoding="UTF-8"?>
<!-- Generated by org.testng.reporters.JUnitReportReporter -->
<testsuite hostname="LAPTOP-8UAK4O0H" failures="0" tests="2" name="testing.Testing2" time="0.000" errors="0" timestamp="15 Apr. 2022 18:21:45 GMT" skipped="0">
  <testcase classname="testing.Testing2" name="test5" time="0.000"/>
  <testcase classname="testing.Testing2" name="test4" time="0.000"/>
</testsuite> <!-- testing.Testing2 -->
