<?xml version="1.0" encoding="UTF-8"?>
<!-- Generated by org.testng.reporters.JUnitReportReporter -->
<testsuite hostname="LAPTOP-8UAK4O0H" failures="0" tests="5" name="testing.Testing1" time="0.003" errors="0" timestamp="15 Apr. 2022 18:21:45 GMT" skipped="0">
  <testcase classname="testing.Testing1" name="f" time="0.001"/>
  <testcase classname="testing.Testing1" name="test2" time="0.001"/>
  <testcase classname="testing.Testing1" name="test3" time="0.000"/>
  <testcase classname="testing.Testing1" name="f" time="0.000"/>
  <testcase classname="testing.Testing1" name="test1" time="0.001"/>
</testsuite> <!-- testing.Testing1 -->
